<?xml version="1.0" encoding="UTF-8"?>
<!-- Generated by org.testng.reporters.JUnitReportReporter -->
<testsuite hostname="asd1578po02037" name="webServ.NewTest" tests="1" failures="0" timestamp="24 Jun 2016 10:32:36 GMT" time="0.005" errors="0">
  <testcase name="testBing" time="0.005" classname="webServ.NewTest"/>
</testsuite> <!-- webServ.NewTest -->
